  A05.cpp
D:\University-Masters\Computer Graphics\Assignments\A05_SLN\A05\A05\Starter.hpp(277,20): warning C4099: 'Model': type name first seen using 'struct' now seen using 'class'
D:\University-Masters\Computer Graphics\Assignments\A05_SLN\A05\A05\Starter.hpp(170): message : see declaration of 'Model'
D:\University-Masters\Computer Graphics\Assignments\A05_SLN\A05\A05\Starter.hpp(278,22): warning C4099: 'Texture': type name first seen using 'struct' now seen using 'class'
D:\University-Masters\Computer Graphics\Assignments\A05_SLN\A05\A05\Starter.hpp(188): message : see declaration of 'Texture'
D:\University-Masters\Computer Graphics\Assignments\A05_SLN\A05\A05\Starter.hpp(279,23): warning C4099: 'Pipeline': type name first seen using 'struct' now seen using 'class'
D:\University-Masters\Computer Graphics\Assignments\A05_SLN\A05\A05\Starter.hpp(222): message : see declaration of 'Pipeline'
D:\University-Masters\Computer Graphics\Assignments\A05_SLN\A05\A05\Starter.hpp(280,34): warning C4099: 'DescriptorSetLayout': type name first seen using 'struct' now seen using 'class'
D:\University-Masters\Computer Graphics\Assignments\A05_SLN\A05\A05\Starter.hpp(214): message : see declaration of 'DescriptorSetLayout'
D:\University-Masters\Computer Graphics\Assignments\A05_SLN\A05\A05\Starter.hpp(281,28): warning C4099: 'DescriptorSet': type name first seen using 'struct' now seen using 'class'
D:\University-Masters\Computer Graphics\Assignments\A05_SLN\A05\A05\Starter.hpp(258): message : see declaration of 'DescriptorSet'
D:\University-Masters\Computer Graphics\Assignments\A05_SLN\A05\A05\Starter.hpp(1499,1): warning C4267: 'argument': conversion from 'size_t' to 'int', possible loss of data
D:\University-Masters\Computer Graphics\Assignments\A05_SLN\A05\A05\Starter.hpp(1770,39): warning C4267: 'argument': conversion from 'size_t' to '_Ty', possible loss of data
          with
          [
              _Ty=unsigned int
          ]
D:\University-Masters\Computer Graphics\Assignments\A05_SLN\A05\A05\Starter.hpp(2124,48): warning C4267: '=': conversion from 'size_t' to 'uint32_t', possible loss of data
D:\University-Masters\Computer Graphics\Assignments\A05_SLN\A05\A05\TextMaker.hpp(9,483): warning C4305: 'initializing': truncation from 'double' to 'const float'
D:\University-Masters\Computer Graphics\Assignments\A05_SLN\A05\A05\TextMaker.hpp(95,1): warning C4267: '+=': conversion from 'size_t' to 'int', possible loss of data
D:\University-Masters\Computer Graphics\Assignments\A05_SLN\A05\A05\TextMaker.hpp(104,1): warning C4305: 'initializing': truncation from 'double' to 'float'
D:\University-Masters\Computer Graphics\Assignments\A05_SLN\A05\A05\TextMaker.hpp(105,1): warning C4305: 'initializing': truncation from 'double' to 'float'
D:\University-Masters\Computer Graphics\Assignments\A05_SLN\A05\A05\TextMaker.hpp(106,1): warning C4305: 'initializing': truncation from 'double' to 'float'
D:\University-Masters\Computer Graphics\Assignments\A05_SLN\A05\A05\TextMaker.hpp(107,1): warning C4305: 'initializing': truncation from 'double' to 'float'
D:\University-Masters\Computer Graphics\Assignments\A05_SLN\A05\A05\A05.cpp(138,1): warning C4305: 'argument': truncation from 'double' to 'float'
D:\University-Masters\Computer Graphics\Assignments\A05_SLN\A05\A05\A05.cpp(272,1): warning C4305: 'initializing': truncation from 'double' to 'float'
D:\University-Masters\Computer Graphics\Assignments\A05_SLN\A05\A05\A05.cpp(292,10): warning C4244: 'initializing': conversion from 'float' to 'int', possible loss of data
D:\University-Masters\Computer Graphics\Assignments\A05_SLN\A05\A05\A05.cpp(293,10): warning C4244: 'initializing': conversion from 'float' to 'int', possible loss of data
D:\University-Masters\Computer Graphics\Assignments\A05_SLN\A05\A05\A05.cpp(297,24): warning C4244: '=': conversion from 'float' to 'int', possible loss of data
D:\University-Masters\Computer Graphics\Assignments\A05_SLN\A05\A05\A05.cpp(298,24): warning C4244: '=': conversion from 'float' to 'int', possible loss of data
D:\Installations\VisualStudio\Community\MSBuild\Microsoft\VC\v160\Microsoft.CppCommon.targets(687,5): error MSB6003: The specified task executable "CL.exe" could not be run. System.IO.IOException: The requested operation cannot be performed on a file with a user-mapped section open.
D:\Installations\VisualStudio\Community\MSBuild\Microsoft\VC\v160\Microsoft.CppCommon.targets(687,5): error MSB6003: 
D:\Installations\VisualStudio\Community\MSBuild\Microsoft\VC\v160\Microsoft.CppCommon.targets(687,5): error MSB6003:    at System.IO.__Error.WinIOError(Int32 errorCode, String maybeFullPath)
D:\Installations\VisualStudio\Community\MSBuild\Microsoft\VC\v160\Microsoft.CppCommon.targets(687,5): error MSB6003:    at System.IO.FileStream.Init(String path, FileMode mode, FileAccess access, Int32 rights, Boolean useRights, FileShare share, Int32 bufferSize, FileOptions options, SECURITY_ATTRIBUTES secAttrs, String msgPath, Boolean bFromProxy, Boolean useLongPath, Boolean checkHost)
D:\Installations\VisualStudio\Community\MSBuild\Microsoft\VC\v160\Microsoft.CppCommon.targets(687,5): error MSB6003:    at System.IO.FileStream..ctor(String path, FileMode mode, FileAccess access, FileShare share, Int32 bufferSize, FileOptions options, String msgPath, Boolean bFromProxy, Boolean useLongPath, Boolean checkHost)
D:\Installations\VisualStudio\Community\MSBuild\Microsoft\VC\v160\Microsoft.CppCommon.targets(687,5): error MSB6003:    at System.IO.StreamWriter.CreateFile(String path, Boolean append, Boolean checkHost)
D:\Installations\VisualStudio\Community\MSBuild\Microsoft\VC\v160\Microsoft.CppCommon.targets(687,5): error MSB6003:    at System.IO.StreamWriter..ctor(String path, Boolean append, Encoding encoding, Int32 bufferSize, Boolean checkHost)
D:\Installations\VisualStudio\Community\MSBuild\Microsoft\VC\v160\Microsoft.CppCommon.targets(687,5): error MSB6003:    at System.IO.File.InternalWriteAllText(String path, String contents, Encoding encoding, Boolean checkHost)
D:\Installations\VisualStudio\Community\MSBuild\Microsoft\VC\v160\Microsoft.CppCommon.targets(687,5): error MSB6003:    at System.IO.File.WriteAllText(String path, String contents, Encoding encoding)
D:\Installations\VisualStudio\Community\MSBuild\Microsoft\VC\v160\Microsoft.CppCommon.targets(687,5): error MSB6003:    at Microsoft.Build.Utilities.CanonicalTrackedInputFiles.SaveTlog(DependencyFilter includeInTLog)
D:\Installations\VisualStudio\Community\MSBuild\Microsoft\VC\v160\Microsoft.CppCommon.targets(687,5): error MSB6003:    at Microsoft.Build.CPPTasks.CL.PostExecuteTool(Int32 exitCode)
D:\Installations\VisualStudio\Community\MSBuild\Microsoft\VC\v160\Microsoft.CppCommon.targets(687,5): error MSB6003:    at Microsoft.Build.CPPTasks.TrackedVCToolTask.ExecuteTool(String pathToTool, String responseFileCommands, String commandLineCommands)
D:\Installations\VisualStudio\Community\MSBuild\Microsoft\VC\v160\Microsoft.CppCommon.targets(687,5): error MSB6003:    at Microsoft.Build.Utilities.ToolTask.Execute()
