  A11.cpp
D:\University-Masters\Computer Graphics\Assignments\A11_SLN\A11\A11\Starter.hpp(278,20): warning C4099: 'Model': type name first seen using 'struct' now seen using 'class'
D:\University-Masters\Computer Graphics\Assignments\A11_SLN\A11\A11\Starter.hpp(171): message : see declaration of 'Model'
D:\University-Masters\Computer Graphics\Assignments\A11_SLN\A11\A11\Starter.hpp(279,22): warning C4099: 'Texture': type name first seen using 'struct' now seen using 'class'
D:\University-Masters\Computer Graphics\Assignments\A11_SLN\A11\A11\Starter.hpp(189): message : see declaration of 'Texture'
D:\University-Masters\Computer Graphics\Assignments\A11_SLN\A11\A11\Starter.hpp(280,23): warning C4099: 'Pipeline': type name first seen using 'struct' now seen using 'class'
D:\University-Masters\Computer Graphics\Assignments\A11_SLN\A11\A11\Starter.hpp(223): message : see declaration of 'Pipeline'
D:\University-Masters\Computer Graphics\Assignments\A11_SLN\A11\A11\Starter.hpp(281,34): warning C4099: 'DescriptorSetLayout': type name first seen using 'struct' now seen using 'class'
D:\University-Masters\Computer Graphics\Assignments\A11_SLN\A11\A11\Starter.hpp(215): message : see declaration of 'DescriptorSetLayout'
D:\University-Masters\Computer Graphics\Assignments\A11_SLN\A11\A11\Starter.hpp(282,28): warning C4099: 'DescriptorSet': type name first seen using 'struct' now seen using 'class'
D:\University-Masters\Computer Graphics\Assignments\A11_SLN\A11\A11\Starter.hpp(259): message : see declaration of 'DescriptorSet'
D:\University-Masters\Computer Graphics\Assignments\A11_SLN\A11\A11\Starter.hpp(1500,1): warning C4267: 'argument': conversion from 'size_t' to 'int', possible loss of data
D:\University-Masters\Computer Graphics\Assignments\A11_SLN\A11\A11\Starter.hpp(1788,16): warning C4244: '=': conversion from 'double' to 'T', possible loss of data
          with
          [
              T=float
          ]
D:\University-Masters\Computer Graphics\Assignments\A11_SLN\A11\A11\Starter.hpp(1789,16): warning C4244: '=': conversion from 'double' to 'T', possible loss of data
          with
          [
              T=float
          ]
D:\University-Masters\Computer Graphics\Assignments\A11_SLN\A11\A11\Starter.hpp(1879,39): warning C4267: 'argument': conversion from 'size_t' to '_Ty', possible loss of data
          with
          [
              _Ty=unsigned int
          ]
D:\University-Masters\Computer Graphics\Assignments\A11_SLN\A11\A11\Starter.hpp(2234,48): warning C4267: '=': conversion from 'size_t' to 'uint32_t', possible loss of data
D:\University-Masters\Computer Graphics\Assignments\A11_SLN\A11\A11\TextMaker.hpp(9,483): warning C4305: 'initializing': truncation from 'double' to 'const float'
D:\University-Masters\Computer Graphics\Assignments\A11_SLN\A11\A11\TextMaker.hpp(95,1): warning C4267: '+=': conversion from 'size_t' to 'int', possible loss of data
D:\University-Masters\Computer Graphics\Assignments\A11_SLN\A11\A11\TextMaker.hpp(104,1): warning C4305: 'initializing': truncation from 'double' to 'float'
D:\University-Masters\Computer Graphics\Assignments\A11_SLN\A11\A11\TextMaker.hpp(105,1): warning C4305: 'initializing': truncation from 'double' to 'float'
D:\University-Masters\Computer Graphics\Assignments\A11_SLN\A11\A11\TextMaker.hpp(106,1): warning C4305: 'initializing': truncation from 'double' to 'float'
D:\University-Masters\Computer Graphics\Assignments\A11_SLN\A11\A11\TextMaker.hpp(107,1): warning C4305: 'initializing': truncation from 'double' to 'float'
LINK : warning LNK4098: defaultlib 'MSVCRT' conflicts with use of other libs; use /NODEFAULTLIB:library
  A11.vcxproj -> D:\University-Masters\Computer Graphics\Assignments\A11_SLN\A11\x64\Debug\A11.exe
