  Source.cpp
D:\University-Masters\Computer Graphics\Assignments\A02_SLN\A02\A02\Starter.hpp(277,20): warning C4099: 'Model': type name first seen using 'struct' now seen using 'class'
D:\University-Masters\Computer Graphics\Assignments\A02_SLN\A02\A02\Starter.hpp(170): message : see declaration of 'Model'
D:\University-Masters\Computer Graphics\Assignments\A02_SLN\A02\A02\Starter.hpp(278,22): warning C4099: 'Texture': type name first seen using 'struct' now seen using 'class'
D:\University-Masters\Computer Graphics\Assignments\A02_SLN\A02\A02\Starter.hpp(188): message : see declaration of 'Texture'
D:\University-Masters\Computer Graphics\Assignments\A02_SLN\A02\A02\Starter.hpp(279,23): warning C4099: 'Pipeline': type name first seen using 'struct' now seen using 'class'
D:\University-Masters\Computer Graphics\Assignments\A02_SLN\A02\A02\Starter.hpp(222): message : see declaration of 'Pipeline'
D:\University-Masters\Computer Graphics\Assignments\A02_SLN\A02\A02\Starter.hpp(280,34): warning C4099: 'DescriptorSetLayout': type name first seen using 'struct' now seen using 'class'
D:\University-Masters\Computer Graphics\Assignments\A02_SLN\A02\A02\Starter.hpp(214): message : see declaration of 'DescriptorSetLayout'
D:\University-Masters\Computer Graphics\Assignments\A02_SLN\A02\A02\Starter.hpp(281,28): warning C4099: 'DescriptorSet': type name first seen using 'struct' now seen using 'class'
D:\University-Masters\Computer Graphics\Assignments\A02_SLN\A02\A02\Starter.hpp(258): message : see declaration of 'DescriptorSet'
D:\University-Masters\Computer Graphics\Assignments\A02_SLN\A02\A02\Starter.hpp(1437,1): warning C4267: 'argument': conversion from 'size_t' to 'int', possible loss of data
D:\University-Masters\Computer Graphics\Assignments\A02_SLN\A02\A02\Starter.hpp(1705,39): warning C4267: 'argument': conversion from 'size_t' to '_Ty', possible loss of data
          with
          [
              _Ty=unsigned int
          ]
D:\University-Masters\Computer Graphics\Assignments\A02_SLN\A02\A02\Starter.hpp(2059,48): warning C4267: '=': conversion from 'size_t' to 'uint32_t', possible loss of data
D:\University-Masters\Computer Graphics\Assignments\A02_SLN\A02\A02\TextMaker.hpp(9,483): warning C4305: 'initializing': truncation from 'double' to 'const float'
D:\University-Masters\Computer Graphics\Assignments\A02_SLN\A02\A02\TextMaker.hpp(97,1): warning C4267: '+=': conversion from 'size_t' to 'int', possible loss of data
D:\University-Masters\Computer Graphics\Assignments\A02_SLN\A02\A02\TextMaker.hpp(106,1): warning C4305: 'initializing': truncation from 'double' to 'float'
D:\University-Masters\Computer Graphics\Assignments\A02_SLN\A02\A02\TextMaker.hpp(107,1): warning C4305: 'initializing': truncation from 'double' to 'float'
D:\University-Masters\Computer Graphics\Assignments\A02_SLN\A02\A02\TextMaker.hpp(108,1): warning C4305: 'initializing': truncation from 'double' to 'float'
D:\University-Masters\Computer Graphics\Assignments\A02_SLN\A02\A02\TextMaker.hpp(109,1): warning C4305: 'initializing': truncation from 'double' to 'float'
D:\University-Masters\Computer Graphics\Assignments\A02_SLN\A02\A02\transforms.hpp(22,16): warning C4305: 'argument': truncation from 'double' to 'float'
LINK : warning LNK4098: defaultlib 'MSVCRT' conflicts with use of other libs; use /NODEFAULTLIB:library
  A02.vcxproj -> D:\University-Masters\Computer Graphics\Assignments\A02_SLN\A02\x64\Debug\A02.exe
