  A10.cpp
D:\University-Masters\Computer Graphics\Assignments\A10_SLN\A10\A10\Starter.hpp(278,20): warning C4099: 'Model': type name first seen using 'struct' now seen using 'class'
D:\University-Masters\Computer Graphics\Assignments\A10_SLN\A10\A10\Starter.hpp(171): message : see declaration of 'Model'
D:\University-Masters\Computer Graphics\Assignments\A10_SLN\A10\A10\Starter.hpp(279,22): warning C4099: 'Texture': type name first seen using 'struct' now seen using 'class'
D:\University-Masters\Computer Graphics\Assignments\A10_SLN\A10\A10\Starter.hpp(189): message : see declaration of 'Texture'
D:\University-Masters\Computer Graphics\Assignments\A10_SLN\A10\A10\Starter.hpp(280,23): warning C4099: 'Pipeline': type name first seen using 'struct' now seen using 'class'
D:\University-Masters\Computer Graphics\Assignments\A10_SLN\A10\A10\Starter.hpp(223): message : see declaration of 'Pipeline'
D:\University-Masters\Computer Graphics\Assignments\A10_SLN\A10\A10\Starter.hpp(281,34): warning C4099: 'DescriptorSetLayout': type name first seen using 'struct' now seen using 'class'
D:\University-Masters\Computer Graphics\Assignments\A10_SLN\A10\A10\Starter.hpp(215): message : see declaration of 'DescriptorSetLayout'
D:\University-Masters\Computer Graphics\Assignments\A10_SLN\A10\A10\Starter.hpp(282,28): warning C4099: 'DescriptorSet': type name first seen using 'struct' now seen using 'class'
D:\University-Masters\Computer Graphics\Assignments\A10_SLN\A10\A10\Starter.hpp(259): message : see declaration of 'DescriptorSet'
D:\University-Masters\Computer Graphics\Assignments\A10_SLN\A10\A10\Starter.hpp(1506,1): warning C4267: 'argument': conversion from 'size_t' to 'int', possible loss of data
D:\University-Masters\Computer Graphics\Assignments\A10_SLN\A10\A10\Starter.hpp(1794,16): warning C4244: '=': conversion from 'double' to 'T', possible loss of data
          with
          [
              T=float
          ]
D:\University-Masters\Computer Graphics\Assignments\A10_SLN\A10\A10\Starter.hpp(1795,16): warning C4244: '=': conversion from 'double' to 'T', possible loss of data
          with
          [
              T=float
          ]
D:\University-Masters\Computer Graphics\Assignments\A10_SLN\A10\A10\Starter.hpp(1884,39): warning C4267: 'argument': conversion from 'size_t' to '_Ty', possible loss of data
          with
          [
              _Ty=unsigned int
          ]
D:\University-Masters\Computer Graphics\Assignments\A10_SLN\A10\A10\Starter.hpp(2239,48): warning C4267: '=': conversion from 'size_t' to 'uint32_t', possible loss of data
D:\University-Masters\Computer Graphics\Assignments\A10_SLN\A10\A10\A10.cpp(224,13): warning C4244: 'initializing': conversion from 'double' to 'float', possible loss of data
D:\University-Masters\Computer Graphics\Assignments\A10_SLN\A10\A10\A10.cpp(225,13): warning C4244: 'initializing': conversion from 'double' to 'float', possible loss of data
LINK : warning LNK4098: defaultlib 'MSVCRT' conflicts with use of other libs; use /NODEFAULTLIB:library
  A10.vcxproj -> D:\University-Masters\Computer Graphics\Assignments\A10_SLN\A10\x64\Debug\A10.exe
