  A06.cpp
D:\University-Masters\Computer Graphics\Assignments\A06_SLN\A06\A06\Starter.hpp(278,20): warning C4099: 'Model': type name first seen using 'struct' now seen using 'class'
D:\University-Masters\Computer Graphics\Assignments\A06_SLN\A06\A06\Starter.hpp(171): message : see declaration of 'Model'
D:\University-Masters\Computer Graphics\Assignments\A06_SLN\A06\A06\Starter.hpp(279,22): warning C4099: 'Texture': type name first seen using 'struct' now seen using 'class'
D:\University-Masters\Computer Graphics\Assignments\A06_SLN\A06\A06\Starter.hpp(189): message : see declaration of 'Texture'
D:\University-Masters\Computer Graphics\Assignments\A06_SLN\A06\A06\Starter.hpp(280,23): warning C4099: 'Pipeline': type name first seen using 'struct' now seen using 'class'
D:\University-Masters\Computer Graphics\Assignments\A06_SLN\A06\A06\Starter.hpp(223): message : see declaration of 'Pipeline'
D:\University-Masters\Computer Graphics\Assignments\A06_SLN\A06\A06\Starter.hpp(281,34): warning C4099: 'DescriptorSetLayout': type name first seen using 'struct' now seen using 'class'
D:\University-Masters\Computer Graphics\Assignments\A06_SLN\A06\A06\Starter.hpp(215): message : see declaration of 'DescriptorSetLayout'
D:\University-Masters\Computer Graphics\Assignments\A06_SLN\A06\A06\Starter.hpp(282,28): warning C4099: 'DescriptorSet': type name first seen using 'struct' now seen using 'class'
D:\University-Masters\Computer Graphics\Assignments\A06_SLN\A06\A06\Starter.hpp(259): message : see declaration of 'DescriptorSet'
D:\University-Masters\Computer Graphics\Assignments\A06_SLN\A06\A06\Starter.hpp(1786,16): warning C4244: '=': conversion from 'double' to 'T', possible loss of data
          with
          [
              T=float
          ]
D:\University-Masters\Computer Graphics\Assignments\A06_SLN\A06\A06\Starter.hpp(1787,16): warning C4244: '=': conversion from 'double' to 'T', possible loss of data
          with
          [
              T=float
          ]
D:\University-Masters\Computer Graphics\Assignments\A06_SLN\A06\A06\Starter.hpp(2223,19): warning C4018: '<': signed/unsigned mismatch
D:\University-Masters\Computer Graphics\Assignments\A06_SLN\A06\A06\Starter.hpp(2341,19): warning C4018: '<': signed/unsigned mismatch
D:\University-Masters\Computer Graphics\Assignments\A06_SLN\A06\A06\Starter.hpp(2374,20): warning C4018: '<': signed/unsigned mismatch
D:\University-Masters\Computer Graphics\Assignments\A06_SLN\A06\A06\Starter.hpp(2412,21): warning C4018: '<': signed/unsigned mismatch
D:\University-Masters\Computer Graphics\Assignments\A06_SLN\A06\A06\Starter.hpp(2447,19): warning C4018: '<': signed/unsigned mismatch
A06.obj : error LNK2019: unresolved external symbol _vkCreateInstance@12 referenced in function "protected: void __thiscall BaseProject::createInstance(void)" (?createInstance@BaseProject@@IAEXXZ)
A06.obj : error LNK2019: unresolved external symbol _vkDestroyInstance@8 referenced in function "protected: void __thiscall BaseProject::cleanup(void)" (?cleanup@BaseProject@@IAEXXZ)
A06.obj : error LNK2019: unresolved external symbol _vkEnumeratePhysicalDevices@12 referenced in function "protected: void __thiscall BaseProject::pickPhysicalDevice(void)" (?pickPhysicalDevice@BaseProject@@IAEXXZ)
A06.obj : error LNK2019: unresolved external symbol _vkGetPhysicalDeviceFeatures@8 referenced in function "protected: bool __thiscall BaseProject::isDeviceSuitable(struct VkPhysicalDevice_T *,class BaseProject::deviceReport &)" (?isDeviceSuitable@BaseProject@@IAE_NPAUVkPhysicalDevice_T@@AAVdeviceReport@1@@Z)
A06.obj : error LNK2019: unresolved external symbol _vkGetPhysicalDeviceFormatProperties@12 referenced in function "protected: enum VkFormat __thiscall BaseProject::findSupportedFormat(class std::vector<enum VkFormat,class std::allocator<enum VkFormat> >,enum VkImageTiling,unsigned int)" (?findSupportedFormat@BaseProject@@IAE?AW4VkFormat@@V?$vector@W4VkFormat@@V?$allocator@W4VkFormat@@@std@@@std@@W4VkImageTiling@@I@Z)
A06.obj : error LNK2019: unresolved external symbol _vkGetPhysicalDeviceProperties@8 referenced in function "protected: enum VkSampleCountFlagBits __thiscall BaseProject::getMaxUsableSampleCount(void)" (?getMaxUsableSampleCount@BaseProject@@IAE?AW4VkSampleCountFlagBits@@XZ)
A06.obj : error LNK2019: unresolved external symbol _vkGetPhysicalDeviceQueueFamilyProperties@12 referenced in function "protected: struct QueueFamilyIndices __thiscall BaseProject::findQueueFamilies(struct VkPhysicalDevice_T *)" (?findQueueFamilies@BaseProject@@IAE?AUQueueFamilyIndices@@PAUVkPhysicalDevice_T@@@Z)
A06.obj : error LNK2019: unresolved external symbol _vkGetPhysicalDeviceMemoryProperties@8 referenced in function "protected: unsigned int __thiscall BaseProject::findMemoryType(unsigned int,unsigned int)" (?findMemoryType@BaseProject@@IAEIII@Z)
A06.obj : error LNK2019: unresolved external symbol _vkGetInstanceProcAddr@8 referenced in function "enum VkResult __cdecl CreateDebugUtilsMessengerEXT(struct VkInstance_T *,struct VkDebugUtilsMessengerCreateInfoEXT const *,struct VkAllocationCallbacks const *,unsigned __int64 *)" (?CreateDebugUtilsMessengerEXT@@YA?AW4VkResult@@PAUVkInstance_T@@PBUVkDebugUtilsMessengerCreateInfoEXT@@PBUVkAllocationCallbacks@@PA_K@Z)
A06.obj : error LNK2019: unresolved external symbol _vkCreateDevice@16 referenced in function "protected: void __thiscall BaseProject::createLogicalDevice(void)" (?createLogicalDevice@BaseProject@@IAEXXZ)
A06.obj : error LNK2019: unresolved external symbol _vkDestroyDevice@8 referenced in function "protected: void __thiscall BaseProject::cleanup(void)" (?cleanup@BaseProject@@IAEXXZ)
A06.obj : error LNK2019: unresolved external symbol _vkEnumerateInstanceExtensionProperties@12 referenced in function "protected: bool __thiscall BaseProject::checkIfItHasExtension(char const *)" (?checkIfItHasExtension@BaseProject@@IAE_NPBD@Z)
A06.obj : error LNK2019: unresolved external symbol _vkEnumerateDeviceExtensionProperties@16 referenced in function "protected: bool __thiscall BaseProject::checkDeviceExtensionSupport(struct VkPhysicalDevice_T *,class BaseProject::deviceReport &)" (?checkDeviceExtensionSupport@BaseProject@@IAE_NPAUVkPhysicalDevice_T@@AAVdeviceReport@1@@Z)
A06.obj : error LNK2019: unresolved external symbol _vkEnumerateInstanceLayerProperties@8 referenced in function "protected: bool __thiscall BaseProject::checkValidationLayerSupport(void)" (?checkValidationLayerSupport@BaseProject@@IAE_NXZ)
A06.obj : error LNK2019: unresolved external symbol _vkGetDeviceQueue@16 referenced in function "protected: void __thiscall BaseProject::createLogicalDevice(void)" (?createLogicalDevice@BaseProject@@IAEXXZ)
A06.obj : error LNK2019: unresolved external symbol _vkQueueSubmit@20 referenced in function "protected: void __thiscall BaseProject::drawFrame(void)" (?drawFrame@BaseProject@@IAEXXZ)
A06.obj : error LNK2019: unresolved external symbol _vkQueueWaitIdle@4 referenced in function "protected: void __thiscall BaseProject::endSingleTimeCommands(struct VkCommandBuffer_T *)" (?endSingleTimeCommands@BaseProject@@IAEXPAUVkCommandBuffer_T@@@Z)
A06.obj : error LNK2019: unresolved external symbol _vkDeviceWaitIdle@4 referenced in function "protected: void __thiscall BaseProject::mainLoop(void)" (?mainLoop@BaseProject@@IAEXXZ)
A06.obj : error LNK2019: unresolved external symbol _vkAllocateMemory@16 referenced in function "protected: void __thiscall BaseProject::createBuffer(unsigned __int64,unsigned int,unsigned int,unsigned __int64 &,unsigned __int64 &)" (?createBuffer@BaseProject@@IAEX_KIIAA_K1@Z)
A06.obj : error LNK2019: unresolved external symbol _vkFreeMemory@16 referenced in function "public: void __thiscall DescriptorSet::cleanup(void)" (?cleanup@DescriptorSet@@QAEXXZ)
A06.obj : error LNK2019: unresolved external symbol _vkMapMemory@36 referenced in function "public: void __thiscall Model::createIndexBuffer(void)" (?createIndexBuffer@Model@@QAEXXZ)
A06.obj : error LNK2019: unresolved external symbol _vkUnmapMemory@12 referenced in function "public: void __thiscall Model::createIndexBuffer(void)" (?createIndexBuffer@Model@@QAEXXZ)
A06.obj : error LNK2019: unresolved external symbol _vkBindBufferMemory@28 referenced in function "protected: void __thiscall BaseProject::createBuffer(unsigned __int64,unsigned int,unsigned int,unsigned __int64 &,unsigned __int64 &)" (?createBuffer@BaseProject@@IAEX_KIIAA_K1@Z)
A06.obj : error LNK2019: unresolved external symbol _vkBindImageMemory@28 referenced in function "protected: void __thiscall BaseProject::createImage(unsigned int,unsigned int,unsigned int,int,enum VkSampleCountFlagBits,enum VkFormat,enum VkImageTiling,unsigned int,unsigned int,unsigned int,unsigned __int64 &,unsigned __int64 &)" (?createImage@BaseProject@@IAEXIIIHW4VkSampleCountFlagBits@@W4VkFormat@@W4VkImageTiling@@IIIAA_K3@Z)
A06.obj : error LNK2019: unresolved external symbol _vkGetBufferMemoryRequirements@16 referenced in function "protected: void __thiscall BaseProject::createBuffer(unsigned __int64,unsigned int,unsigned int,unsigned __int64 &,unsigned __int64 &)" (?createBuffer@BaseProject@@IAEX_KIIAA_K1@Z)
A06.obj : error LNK2019: unresolved external symbol _vkGetImageMemoryRequirements@16 referenced in function "protected: void __thiscall BaseProject::createImage(unsigned int,unsigned int,unsigned int,int,enum VkSampleCountFlagBits,enum VkFormat,enum VkImageTiling,unsigned int,unsigned int,unsigned int,unsigned __int64 &,unsigned __int64 &)" (?createImage@BaseProject@@IAEXIIIHW4VkSampleCountFlagBits@@W4VkFormat@@W4VkImageTiling@@IIIAA_K3@Z)
A06.obj : error LNK2019: unresolved external symbol _vkCreateFence@16 referenced in function "protected: void __thiscall BaseProject::createSyncObjects(void)" (?createSyncObjects@BaseProject@@IAEXXZ)
A06.obj : error LNK2019: unresolved external symbol _vkDestroyFence@16 referenced in function "protected: void __thiscall BaseProject::cleanup(void)" (?cleanup@BaseProject@@IAEXXZ)
A06.obj : error LNK2019: unresolved external symbol _vkResetFences@12 referenced in function "protected: void __thiscall BaseProject::drawFrame(void)" (?drawFrame@BaseProject@@IAEXXZ)
A06.obj : error LNK2019: unresolved external symbol _vkWaitForFences@24 referenced in function "protected: void __thiscall BaseProject::drawFrame(void)" (?drawFrame@BaseProject@@IAEXXZ)
A06.obj : error LNK2019: unresolved external symbol _vkCreateSemaphore@16 referenced in function "protected: void __thiscall BaseProject::createSyncObjects(void)" (?createSyncObjects@BaseProject@@IAEXXZ)
A06.obj : error LNK2019: unresolved external symbol _vkDestroySemaphore@16 referenced in function "protected: void __thiscall BaseProject::cleanup(void)" (?cleanup@BaseProject@@IAEXXZ)
A06.obj : error LNK2019: unresolved external symbol _vkCreateBuffer@16 referenced in function "protected: void __thiscall BaseProject::createBuffer(unsigned __int64,unsigned int,unsigned int,unsigned __int64 &,unsigned __int64 &)" (?createBuffer@BaseProject@@IAEX_KIIAA_K1@Z)
A06.obj : error LNK2019: unresolved external symbol _vkDestroyBuffer@16 referenced in function "public: void __thiscall DescriptorSet::cleanup(void)" (?cleanup@DescriptorSet@@QAEXXZ)
A06.obj : error LNK2019: unresolved external symbol _vkCreateImage@16 referenced in function "protected: void __thiscall BaseProject::createImage(unsigned int,unsigned int,unsigned int,int,enum VkSampleCountFlagBits,enum VkFormat,enum VkImageTiling,unsigned int,unsigned int,unsigned int,unsigned __int64 &,unsigned __int64 &)" (?createImage@BaseProject@@IAEXIIIHW4VkSampleCountFlagBits@@W4VkFormat@@W4VkImageTiling@@IIIAA_K3@Z)
A06.obj : error LNK2019: unresolved external symbol _vkDestroyImage@16 referenced in function "public: void __thiscall Texture::cleanup(void)" (?cleanup@Texture@@QAEXXZ)
A06.obj : error LNK2019: unresolved external symbol _vkCreateImageView@16 referenced in function "protected: unsigned __int64 __thiscall BaseProject::createImageView(unsigned __int64,enum VkFormat,unsigned int,unsigned int,enum VkImageViewType,int)" (?createImageView@BaseProject@@IAE_K_KW4VkFormat@@IIW4VkImageViewType@@H@Z)
A06.obj : error LNK2019: unresolved external symbol _vkDestroyImageView@16 referenced in function "public: void __thiscall Texture::cleanup(void)" (?cleanup@Texture@@QAEXXZ)
A06.obj : error LNK2019: unresolved external symbol _vkCreateShaderModule@16 referenced in function "public: unsigned __int64 __thiscall Pipeline::createShaderModule(class std::vector<char,class std::allocator<char> > const &)" (?createShaderModule@Pipeline@@QAE_KABV?$vector@DV?$allocator@D@std@@@std@@@Z)
A06.obj : error LNK2019: unresolved external symbol _vkDestroyShaderModule@16 referenced in function "public: void __thiscall Pipeline::destroy(void)" (?destroy@Pipeline@@QAEXXZ)
A06.obj : error LNK2019: unresolved external symbol _vkCreateGraphicsPipelines@28 referenced in function "public: void __thiscall Pipeline::create(void)" (?create@Pipeline@@QAEXXZ)
A06.obj : error LNK2019: unresolved external symbol _vkDestroyPipeline@16 referenced in function "public: void __thiscall Pipeline::cleanup(void)" (?cleanup@Pipeline@@QAEXXZ)
A06.obj : error LNK2019: unresolved external symbol _vkCreatePipelineLayout@16 referenced in function "public: void __thiscall Pipeline::create(void)" (?create@Pipeline@@QAEXXZ)
A06.obj : error LNK2019: unresolved external symbol _vkDestroyPipelineLayout@16 referenced in function "public: void __thiscall Pipeline::cleanup(void)" (?cleanup@Pipeline@@QAEXXZ)
A06.obj : error LNK2019: unresolved external symbol _vkCreateSampler@16 referenced in function "public: void __thiscall Texture::createTextureSampler(void)" (?createTextureSampler@Texture@@QAEXXZ)
A06.obj : error LNK2019: unresolved external symbol _vkDestroySampler@16 referenced in function "public: void __thiscall Texture::cleanup(void)" (?cleanup@Texture@@QAEXXZ)
A06.obj : error LNK2019: unresolved external symbol _vkCreateDescriptorSetLayout@16 referenced in function "public: void __thiscall DescriptorSetLayout::init(class BaseProject *,class std::vector<struct DescriptorSetLayoutBinding,class std::allocator<struct DescriptorSetLayoutBinding> >)" (?init@DescriptorSetLayout@@QAEXPAVBaseProject@@V?$vector@UDescriptorSetLayoutBinding@@V?$allocator@UDescriptorSetLayoutBinding@@@std@@@std@@@Z)
A06.obj : error LNK2019: unresolved external symbol _vkDestroyDescriptorSetLayout@16 referenced in function "public: void __thiscall DescriptorSetLayout::cleanup(void)" (?cleanup@DescriptorSetLayout@@QAEXXZ)
A06.obj : error LNK2019: unresolved external symbol _vkCreateDescriptorPool@16 referenced in function "protected: void __thiscall BaseProject::createDescriptorPool(void)" (?createDescriptorPool@BaseProject@@IAEXXZ)
A06.obj : error LNK2019: unresolved external symbol _vkDestroyDescriptorPool@16 referenced in function "protected: void __thiscall BaseProject::cleanupSwapChain(void)" (?cleanupSwapChain@BaseProject@@IAEXXZ)
A06.obj : error LNK2019: unresolved external symbol _vkAllocateDescriptorSets@12 referenced in function "public: void __thiscall DescriptorSet::init(class BaseProject *,struct DescriptorSetLayout *,class std::vector<struct DescriptorSetElement,class std::allocator<struct DescriptorSetElement> >)" (?init@DescriptorSet@@QAEXPAVBaseProject@@PAUDescriptorSetLayout@@V?$vector@UDescriptorSetElement@@V?$allocator@UDescriptorSetElement@@@std@@@std@@@Z)
A06.obj : error LNK2019: unresolved external symbol _vkUpdateDescriptorSets@20 referenced in function "public: void __thiscall DescriptorSet::init(class BaseProject *,struct DescriptorSetLayout *,class std::vector<struct DescriptorSetElement,class std::allocator<struct DescriptorSetElement> >)" (?init@DescriptorSet@@QAEXPAVBaseProject@@PAUDescriptorSetLayout@@V?$vector@UDescriptorSetElement@@V?$allocator@UDescriptorSetElement@@@std@@@std@@@Z)
A06.obj : error LNK2019: unresolved external symbol _vkCreateFramebuffer@16 referenced in function "protected: void __thiscall BaseProject::createFramebuffers(void)" (?createFramebuffers@BaseProject@@IAEXXZ)
A06.obj : error LNK2019: unresolved external symbol _vkDestroyFramebuffer@16 referenced in function "protected: void __thiscall BaseProject::cleanupSwapChain(void)" (?cleanupSwapChain@BaseProject@@IAEXXZ)
A06.obj : error LNK2019: unresolved external symbol _vkCreateRenderPass@16 referenced in function "protected: void __thiscall BaseProject::createRenderPass(void)" (?createRenderPass@BaseProject@@IAEXXZ)
A06.obj : error LNK2019: unresolved external symbol _vkDestroyRenderPass@16 referenced in function "protected: void __thiscall BaseProject::cleanupSwapChain(void)" (?cleanupSwapChain@BaseProject@@IAEXXZ)
A06.obj : error LNK2019: unresolved external symbol _vkCreateCommandPool@16 referenced in function "protected: void __thiscall BaseProject::createCommandPool(void)" (?createCommandPool@BaseProject@@IAEXXZ)
A06.obj : error LNK2019: unresolved external symbol _vkDestroyCommandPool@16 referenced in function "protected: void __thiscall BaseProject::cleanup(void)" (?cleanup@BaseProject@@IAEXXZ)
A06.obj : error LNK2019: unresolved external symbol _vkAllocateCommandBuffers@12 referenced in function "protected: struct VkCommandBuffer_T * __thiscall BaseProject::beginSingleTimeCommands(void)" (?beginSingleTimeCommands@BaseProject@@IAEPAUVkCommandBuffer_T@@XZ)
A06.obj : error LNK2019: unresolved external symbol _vkFreeCommandBuffers@20 referenced in function "protected: void __thiscall BaseProject::cleanupSwapChain(void)" (?cleanupSwapChain@BaseProject@@IAEXXZ)
A06.obj : error LNK2019: unresolved external symbol _vkBeginCommandBuffer@8 referenced in function "protected: struct VkCommandBuffer_T * __thiscall BaseProject::beginSingleTimeCommands(void)" (?beginSingleTimeCommands@BaseProject@@IAEPAUVkCommandBuffer_T@@XZ)
A06.obj : error LNK2019: unresolved external symbol _vkEndCommandBuffer@4 referenced in function "protected: void __thiscall BaseProject::createCommandBuffers(void)" (?createCommandBuffers@BaseProject@@IAEXXZ)
A06.obj : error LNK2019: unresolved external symbol _vkCmdBindPipeline@16 referenced in function "public: void __thiscall Pipeline::bind(struct VkCommandBuffer_T *)" (?bind@Pipeline@@QAEXPAUVkCommandBuffer_T@@@Z)
A06.obj : error LNK2019: unresolved external symbol _vkCmdBindDescriptorSets@36 referenced in function "public: void __thiscall DescriptorSet::bind(struct VkCommandBuffer_T *,struct Pipeline &,int)" (?bind@DescriptorSet@@QAEXPAUVkCommandBuffer_T@@AAUPipeline@@H@Z)
A06.obj : error LNK2019: unresolved external symbol _vkCmdBindIndexBuffer@24 referenced in function "public: void __thiscall Model::bind(struct VkCommandBuffer_T *)" (?bind@Model@@QAEXPAUVkCommandBuffer_T@@@Z)
A06.obj : error LNK2019: unresolved external symbol _vkCmdBindVertexBuffers@20 referenced in function "public: void __thiscall Model::bind(struct VkCommandBuffer_T *)" (?bind@Model@@QAEXPAUVkCommandBuffer_T@@@Z)
A06.obj : error LNK2019: unresolved external symbol _vkCmdDrawIndexed@24 referenced in function "protected: virtual void __thiscall Assignment06::populateCommandBuffer(struct VkCommandBuffer_T *,int)" (?populateCommandBuffer@Assignment06@@MAEXPAUVkCommandBuffer_T@@H@Z)
A06.obj : error LNK2019: unresolved external symbol _vkCmdBlitImage@40 referenced in function "protected: void __thiscall BaseProject::generateMipmaps(unsigned __int64,enum VkFormat,int,int,unsigned int,int)" (?generateMipmaps@BaseProject@@IAEX_KW4VkFormat@@HHIH@Z)
A06.obj : error LNK2019: unresolved external symbol _vkCmdCopyBufferToImage@32 referenced in function "protected: void __thiscall BaseProject::copyBufferToImage(unsigned __int64,unsigned __int64,unsigned int,unsigned int,int)" (?copyBufferToImage@BaseProject@@IAEX_K0IIH@Z)
A06.obj : error LNK2019: unresolved external symbol _vkCmdPipelineBarrier@40 referenced in function "protected: void __thiscall BaseProject::generateMipmaps(unsigned __int64,enum VkFormat,int,int,unsigned int,int)" (?generateMipmaps@BaseProject@@IAEX_KW4VkFormat@@HHIH@Z)
A06.obj : error LNK2019: unresolved external symbol _vkCmdBeginRenderPass@12 referenced in function "protected: void __thiscall BaseProject::createCommandBuffers(void)" (?createCommandBuffers@BaseProject@@IAEXXZ)
A06.obj : error LNK2019: unresolved external symbol _vkCmdEndRenderPass@4 referenced in function "protected: void __thiscall BaseProject::createCommandBuffers(void)" (?createCommandBuffers@BaseProject@@IAEXXZ)
A06.obj : error LNK2019: unresolved external symbol _vkDestroySurfaceKHR@16 referenced in function "protected: void __thiscall BaseProject::cleanup(void)" (?cleanup@BaseProject@@IAEXXZ)
A06.obj : error LNK2019: unresolved external symbol _vkGetPhysicalDeviceSurfaceSupportKHR@20 referenced in function "protected: struct QueueFamilyIndices __thiscall BaseProject::findQueueFamilies(struct VkPhysicalDevice_T *)" (?findQueueFamilies@BaseProject@@IAE?AUQueueFamilyIndices@@PAUVkPhysicalDevice_T@@@Z)
A06.obj : error LNK2019: unresolved external symbol _vkGetPhysicalDeviceSurfaceCapabilitiesKHR@16 referenced in function "protected: struct SwapChainSupportDetails __thiscall BaseProject::querySwapChainSupport(struct VkPhysicalDevice_T *)" (?querySwapChainSupport@BaseProject@@IAE?AUSwapChainSupportDetails@@PAUVkPhysicalDevice_T@@@Z)
A06.obj : error LNK2019: unresolved external symbol _vkGetPhysicalDeviceSurfaceFormatsKHR@20 referenced in function "protected: struct SwapChainSupportDetails __thiscall BaseProject::querySwapChainSupport(struct VkPhysicalDevice_T *)" (?querySwapChainSupport@BaseProject@@IAE?AUSwapChainSupportDetails@@PAUVkPhysicalDevice_T@@@Z)
A06.obj : error LNK2019: unresolved external symbol _vkGetPhysicalDeviceSurfacePresentModesKHR@20 referenced in function "protected: struct SwapChainSupportDetails __thiscall BaseProject::querySwapChainSupport(struct VkPhysicalDevice_T *)" (?querySwapChainSupport@BaseProject@@IAE?AUSwapChainSupportDetails@@PAUVkPhysicalDevice_T@@@Z)
A06.obj : error LNK2019: unresolved external symbol _vkCreateSwapchainKHR@16 referenced in function "protected: void __thiscall BaseProject::createSwapChain(void)" (?createSwapChain@BaseProject@@IAEXXZ)
A06.obj : error LNK2019: unresolved external symbol _vkDestroySwapchainKHR@16 referenced in function "protected: void __thiscall BaseProject::cleanupSwapChain(void)" (?cleanupSwapChain@BaseProject@@IAEXXZ)
A06.obj : error LNK2019: unresolved external symbol _vkGetSwapchainImagesKHR@20 referenced in function "protected: void __thiscall BaseProject::createSwapChain(void)" (?createSwapChain@BaseProject@@IAEXXZ)
A06.obj : error LNK2019: unresolved external symbol _vkAcquireNextImageKHR@40 referenced in function "protected: void __thiscall BaseProject::drawFrame(void)" (?drawFrame@BaseProject@@IAEXXZ)
A06.obj : error LNK2019: unresolved external symbol _vkQueuePresentKHR@8 referenced in function "protected: void __thiscall BaseProject::drawFrame(void)" (?drawFrame@BaseProject@@IAEXXZ)
A06.obj : error LNK2019: unresolved external symbol _glfwInit referenced in function "protected: void __thiscall BaseProject::initWindow(void)" (?initWindow@BaseProject@@IAEXXZ)
A06.obj : error LNK2019: unresolved external symbol _glfwTerminate referenced in function "protected: void __thiscall BaseProject::cleanup(void)" (?cleanup@BaseProject@@IAEXXZ)
A06.obj : error LNK2019: unresolved external symbol _glfwWindowHint referenced in function "protected: void __thiscall BaseProject::initWindow(void)" (?initWindow@BaseProject@@IAEXXZ)
A06.obj : error LNK2019: unresolved external symbol _glfwCreateWindow referenced in function "protected: void __thiscall BaseProject::initWindow(void)" (?initWindow@BaseProject@@IAEXXZ)
A06.obj : error LNK2019: unresolved external symbol _glfwDestroyWindow referenced in function "protected: void __thiscall BaseProject::cleanup(void)" (?cleanup@BaseProject@@IAEXXZ)
A06.obj : error LNK2019: unresolved external symbol _glfwWindowShouldClose referenced in function "protected: void __thiscall BaseProject::mainLoop(void)" (?mainLoop@BaseProject@@IAEXXZ)
A06.obj : error LNK2019: unresolved external symbol _glfwSetWindowShouldClose referenced in function "protected: virtual void __thiscall Assignment06::updateUniformBuffer(unsigned int)" (?updateUniformBuffer@Assignment06@@MAEXI@Z)
A06.obj : error LNK2019: unresolved external symbol _glfwGetFramebufferSize referenced in function "protected: struct VkExtent2D __thiscall BaseProject::chooseSwapExtent(struct VkSurfaceCapabilitiesKHR const &)" (?chooseSwapExtent@BaseProject@@IAE?AUVkExtent2D@@ABUVkSurfaceCapabilitiesKHR@@@Z)
A06.obj : error LNK2019: unresolved external symbol _glfwSetWindowUserPointer referenced in function "protected: void __thiscall BaseProject::initWindow(void)" (?initWindow@BaseProject@@IAEXXZ)
A06.obj : error LNK2019: unresolved external symbol _glfwGetWindowUserPointer referenced in function "protected: static void __cdecl BaseProject::framebufferResizeCallback(struct GLFWwindow *,int,int)" (?framebufferResizeCallback@BaseProject@@KAXPAUGLFWwindow@@HH@Z)
A06.obj : error LNK2019: unresolved external symbol _glfwSetFramebufferSizeCallback referenced in function "protected: void __thiscall BaseProject::initWindow(void)" (?initWindow@BaseProject@@IAEXXZ)
A06.obj : error LNK2019: unresolved external symbol _glfwPollEvents referenced in function "protected: void __thiscall BaseProject::mainLoop(void)" (?mainLoop@BaseProject@@IAEXXZ)
A06.obj : error LNK2019: unresolved external symbol _glfwWaitEvents referenced in function "protected: void __thiscall BaseProject::recreateSwapChain(void)" (?recreateSwapChain@BaseProject@@IAEXXZ)
A06.obj : error LNK2019: unresolved external symbol _glfwSetInputMode referenced in function "protected: void __thiscall BaseProject::getSixAxis(float &,struct glm::vec<3,float,3> &,struct glm::vec<3,float,3> &,bool &)" (?getSixAxis@BaseProject@@IAEXAAMAAU?$vec@$02M$02@glm@@1AA_N@Z)
A06.obj : error LNK2019: unresolved external symbol _glfwGetKey referenced in function "protected: void __thiscall BaseProject::getSixAxis(float &,struct glm::vec<3,float,3> &,struct glm::vec<3,float,3> &,bool &)" (?getSixAxis@BaseProject@@IAEXAAMAAU?$vec@$02M$02@glm@@1AA_N@Z)
A06.obj : error LNK2019: unresolved external symbol _glfwGetMouseButton referenced in function "protected: void __thiscall BaseProject::getSixAxis(float &,struct glm::vec<3,float,3> &,struct glm::vec<3,float,3> &,bool &)" (?getSixAxis@BaseProject@@IAEXAAMAAU?$vec@$02M$02@glm@@1AA_N@Z)
A06.obj : error LNK2019: unresolved external symbol _glfwGetCursorPos referenced in function "protected: void __thiscall BaseProject::getSixAxis(float &,struct glm::vec<3,float,3> &,struct glm::vec<3,float,3> &,bool &)" (?getSixAxis@BaseProject@@IAEXAAMAAU?$vec@$02M$02@glm@@1AA_N@Z)
A06.obj : error LNK2019: unresolved external symbol _glfwJoystickIsGamepad referenced in function "protected: void __thiscall BaseProject::handleGamePad(int,struct glm::vec<3,float,3> &,struct glm::vec<3,float,3> &,bool &)" (?handleGamePad@BaseProject@@IAEXHAAU?$vec@$02M$02@glm@@0AA_N@Z)
A06.obj : error LNK2019: unresolved external symbol _glfwGetGamepadState referenced in function "protected: void __thiscall BaseProject::handleGamePad(int,struct glm::vec<3,float,3> &,struct glm::vec<3,float,3> &,bool &)" (?handleGamePad@BaseProject@@IAEXHAAU?$vec@$02M$02@glm@@0AA_N@Z)
A06.obj : error LNK2019: unresolved external symbol _glfwGetRequiredInstanceExtensions referenced in function "protected: void __thiscall BaseProject::createInstance(void)" (?createInstance@BaseProject@@IAEXXZ)
A06.obj : error LNK2019: unresolved external symbol _glfwCreateWindowSurface referenced in function "protected: void __thiscall BaseProject::createSurface(void)" (?createSurface@BaseProject@@IAEXXZ)
D:\Installations\Vulkan\App\Lib\vulkan-1.lib : warning LNK4272: library machine type 'x64' conflicts with target machine type 'x86'
D:\Installations\Vulkan\glfw-3.3.8.bin.WIN64\GLFW\lib-vc2019\glfw3.lib : warning LNK4272: library machine type 'x64' conflicts with target machine type 'x86'
D:\University-Masters\Computer Graphics\Assignments\A06_SLN\A06\Debug\A06.exe : fatal error LNK1120: 103 unresolved externals
