  A07.cpp
D:\University-Masters\Computer Graphics\Assignments\A07_SLN\A07\A07\Starter.hpp(278,20): warning C4099: 'Model': type name first seen using 'struct' now seen using 'class'
D:\University-Masters\Computer Graphics\Assignments\A07_SLN\A07\A07\Starter.hpp(171): message : see declaration of 'Model'
D:\University-Masters\Computer Graphics\Assignments\A07_SLN\A07\A07\Starter.hpp(279,22): warning C4099: 'Texture': type name first seen using 'struct' now seen using 'class'
D:\University-Masters\Computer Graphics\Assignments\A07_SLN\A07\A07\Starter.hpp(189): message : see declaration of 'Texture'
D:\University-Masters\Computer Graphics\Assignments\A07_SLN\A07\A07\Starter.hpp(280,23): warning C4099: 'Pipeline': type name first seen using 'struct' now seen using 'class'
D:\University-Masters\Computer Graphics\Assignments\A07_SLN\A07\A07\Starter.hpp(223): message : see declaration of 'Pipeline'
D:\University-Masters\Computer Graphics\Assignments\A07_SLN\A07\A07\Starter.hpp(281,34): warning C4099: 'DescriptorSetLayout': type name first seen using 'struct' now seen using 'class'
D:\University-Masters\Computer Graphics\Assignments\A07_SLN\A07\A07\Starter.hpp(215): message : see declaration of 'DescriptorSetLayout'
D:\University-Masters\Computer Graphics\Assignments\A07_SLN\A07\A07\Starter.hpp(282,28): warning C4099: 'DescriptorSet': type name first seen using 'struct' now seen using 'class'
D:\University-Masters\Computer Graphics\Assignments\A07_SLN\A07\A07\Starter.hpp(259): message : see declaration of 'DescriptorSet'
D:\University-Masters\Computer Graphics\Assignments\A07_SLN\A07\A07\Starter.hpp(1500,1): warning C4267: 'argument': conversion from 'size_t' to 'int', possible loss of data
D:\University-Masters\Computer Graphics\Assignments\A07_SLN\A07\A07\Starter.hpp(1788,16): warning C4244: '=': conversion from 'double' to 'T', possible loss of data
          with
          [
              T=float
          ]
D:\University-Masters\Computer Graphics\Assignments\A07_SLN\A07\A07\Starter.hpp(1789,16): warning C4244: '=': conversion from 'double' to 'T', possible loss of data
          with
          [
              T=float
          ]
D:\University-Masters\Computer Graphics\Assignments\A07_SLN\A07\A07\Starter.hpp(1878,39): warning C4267: 'argument': conversion from 'size_t' to '_Ty', possible loss of data
          with
          [
              _Ty=unsigned int
          ]
D:\University-Masters\Computer Graphics\Assignments\A07_SLN\A07\A07\Starter.hpp(2232,48): warning C4267: '=': conversion from 'size_t' to 'uint32_t', possible loss of data
  A07.vcxproj -> D:\University-Masters\Computer Graphics\Assignments\A07_SLN\A07\x64\Debug\A07.exe
