  A08.cpp
D:\University-Masters\Computer Graphics\Assignments\A08_SLN\A08\A08\Starter.hpp(278,20): warning C4099: 'Model': type name first seen using 'struct' now seen using 'class'
D:\University-Masters\Computer Graphics\Assignments\A08_SLN\A08\A08\Starter.hpp(171): message : see declaration of 'Model'
D:\University-Masters\Computer Graphics\Assignments\A08_SLN\A08\A08\Starter.hpp(279,22): warning C4099: 'Texture': type name first seen using 'struct' now seen using 'class'
D:\University-Masters\Computer Graphics\Assignments\A08_SLN\A08\A08\Starter.hpp(189): message : see declaration of 'Texture'
D:\University-Masters\Computer Graphics\Assignments\A08_SLN\A08\A08\Starter.hpp(280,23): warning C4099: 'Pipeline': type name first seen using 'struct' now seen using 'class'
D:\University-Masters\Computer Graphics\Assignments\A08_SLN\A08\A08\Starter.hpp(223): message : see declaration of 'Pipeline'
D:\University-Masters\Computer Graphics\Assignments\A08_SLN\A08\A08\Starter.hpp(281,34): warning C4099: 'DescriptorSetLayout': type name first seen using 'struct' now seen using 'class'
D:\University-Masters\Computer Graphics\Assignments\A08_SLN\A08\A08\Starter.hpp(215): message : see declaration of 'DescriptorSetLayout'
D:\University-Masters\Computer Graphics\Assignments\A08_SLN\A08\A08\Starter.hpp(282,28): warning C4099: 'DescriptorSet': type name first seen using 'struct' now seen using 'class'
D:\University-Masters\Computer Graphics\Assignments\A08_SLN\A08\A08\Starter.hpp(259): message : see declaration of 'DescriptorSet'
D:\University-Masters\Computer Graphics\Assignments\A08_SLN\A08\A08\Starter.hpp(1506,1): warning C4267: 'argument': conversion from 'size_t' to 'int', possible loss of data
D:\University-Masters\Computer Graphics\Assignments\A08_SLN\A08\A08\Starter.hpp(1794,16): warning C4244: '=': conversion from 'double' to 'T', possible loss of data
          with
          [
              T=float
          ]
D:\University-Masters\Computer Graphics\Assignments\A08_SLN\A08\A08\Starter.hpp(1795,16): warning C4244: '=': conversion from 'double' to 'T', possible loss of data
          with
          [
              T=float
          ]
D:\University-Masters\Computer Graphics\Assignments\A08_SLN\A08\A08\Starter.hpp(1884,39): warning C4267: 'argument': conversion from 'size_t' to '_Ty', possible loss of data
          with
          [
              _Ty=unsigned int
          ]
D:\University-Masters\Computer Graphics\Assignments\A08_SLN\A08\A08\Starter.hpp(2239,48): warning C4267: '=': conversion from 'size_t' to 'uint32_t', possible loss of data
D:\University-Masters\Computer Graphics\Assignments\A08_SLN\A08\A08\A08.cpp(311,14): warning C4244: 'argument': conversion from 'time_t' to 'unsigned int', possible loss of data
D:\University-Masters\Computer Graphics\Assignments\A08_SLN\A08\A08\mazeGen.hpp(11,17): warning C4244: 'argument': conversion from 'int' to '_Ty', possible loss of data
          with
          [
              _Ty=tinyobj::real_t
          ]
D:\University-Masters\Computer Graphics\Assignments\A08_SLN\A08\A08\mazeGen.hpp(11,43): warning C4244: 'argument': conversion from 'int' to '_Ty', possible loss of data
          with
          [
              _Ty=tinyobj::real_t
          ]
D:\University-Masters\Computer Graphics\Assignments\A08_SLN\A08\A08\mazeGen.hpp(11,72): warning C4244: 'argument': conversion from 'int' to '_Ty', possible loss of data
          with
          [
              _Ty=tinyobj::real_t
          ]
D:\University-Masters\Computer Graphics\Assignments\A08_SLN\A08\A08\mazeGen.hpp(12,17): warning C4244: 'argument': conversion from 'int' to '_Ty', possible loss of data
          with
          [
              _Ty=tinyobj::real_t
          ]
D:\University-Masters\Computer Graphics\Assignments\A08_SLN\A08\A08\mazeGen.hpp(12,43): warning C4244: 'argument': conversion from 'int' to '_Ty', possible loss of data
          with
          [
              _Ty=tinyobj::real_t
          ]
D:\University-Masters\Computer Graphics\Assignments\A08_SLN\A08\A08\mazeGen.hpp(12,72): warning C4244: 'argument': conversion from 'int' to '_Ty', possible loss of data
          with
          [
              _Ty=tinyobj::real_t
          ]
D:\University-Masters\Computer Graphics\Assignments\A08_SLN\A08\A08\mazeGen.hpp(13,17): warning C4244: 'argument': conversion from 'int' to '_Ty', possible loss of data
          with
          [
              _Ty=tinyobj::real_t
          ]
D:\University-Masters\Computer Graphics\Assignments\A08_SLN\A08\A08\mazeGen.hpp(13,41): warning C4244: 'argument': conversion from 'int' to '_Ty', possible loss of data
          with
          [
              _Ty=tinyobj::real_t
          ]
D:\University-Masters\Computer Graphics\Assignments\A08_SLN\A08\A08\mazeGen.hpp(13,70): warning C4244: 'argument': conversion from 'int' to '_Ty', possible loss of data
          with
          [
              _Ty=tinyobj::real_t
          ]
D:\University-Masters\Computer Graphics\Assignments\A08_SLN\A08\A08\mazeGen.hpp(14,17): warning C4244: 'argument': conversion from 'int' to '_Ty', possible loss of data
          with
          [
              _Ty=tinyobj::real_t
          ]
D:\University-Masters\Computer Graphics\Assignments\A08_SLN\A08\A08\mazeGen.hpp(14,41): warning C4244: 'argument': conversion from 'int' to '_Ty', possible loss of data
          with
          [
              _Ty=tinyobj::real_t
          ]
D:\University-Masters\Computer Graphics\Assignments\A08_SLN\A08\A08\mazeGen.hpp(14,70): warning C4244: 'argument': conversion from 'int' to '_Ty', possible loss of data
          with
          [
              _Ty=tinyobj::real_t
          ]
D:\University-Masters\Computer Graphics\Assignments\A08_SLN\A08\A08\mazeGen.hpp(18,17): warning C4244: 'argument': conversion from 'int' to '_Ty', possible loss of data
          with
          [
              _Ty=tinyobj::real_t
          ]
D:\University-Masters\Computer Graphics\Assignments\A08_SLN\A08\A08\mazeGen.hpp(18,62): warning C4244: 'argument': conversion from 'int' to '_Ty', possible loss of data
          with
          [
              _Ty=tinyobj::real_t
          ]
D:\University-Masters\Computer Graphics\Assignments\A08_SLN\A08\A08\mazeGen.hpp(19,17): warning C4244: 'argument': conversion from 'int' to '_Ty', possible loss of data
          with
          [
              _Ty=tinyobj::real_t
          ]
D:\University-Masters\Computer Graphics\Assignments\A08_SLN\A08\A08\mazeGen.hpp(19,62): warning C4244: 'argument': conversion from 'int' to '_Ty', possible loss of data
          with
          [
              _Ty=tinyobj::real_t
          ]
D:\University-Masters\Computer Graphics\Assignments\A08_SLN\A08\A08\mazeGen.hpp(23,17): warning C4244: 'argument': conversion from 'int' to '_Ty', possible loss of data
          with
          [
              _Ty=tinyobj::real_t
          ]
D:\University-Masters\Computer Graphics\Assignments\A08_SLN\A08\A08\mazeGen.hpp(23,60): warning C4244: 'argument': conversion from 'int' to '_Ty', possible loss of data
          with
          [
              _Ty=tinyobj::real_t
          ]
D:\University-Masters\Computer Graphics\Assignments\A08_SLN\A08\A08\mazeGen.hpp(24,17): warning C4244: 'argument': conversion from 'int' to '_Ty', possible loss of data
          with
          [
              _Ty=tinyobj::real_t
          ]
D:\University-Masters\Computer Graphics\Assignments\A08_SLN\A08\A08\mazeGen.hpp(24,60): warning C4244: 'argument': conversion from 'int' to '_Ty', possible loss of data
          with
          [
              _Ty=tinyobj::real_t
          ]
D:\University-Masters\Computer Graphics\Assignments\A08_SLN\A08\A08\mazeGen.hpp(44,17): warning C4244: 'argument': conversion from 'int' to '_Ty', possible loss of data
          with
          [
              _Ty=tinyobj::real_t
          ]
D:\University-Masters\Computer Graphics\Assignments\A08_SLN\A08\A08\mazeGen.hpp(45,57): warning C4244: 'argument': conversion from 'int' to '_Ty', possible loss of data
          with
          [
              _Ty=tinyobj::real_t
          ]
D:\University-Masters\Computer Graphics\Assignments\A08_SLN\A08\A08\mazeGen.hpp(46,17): warning C4244: 'argument': conversion from 'int' to '_Ty', possible loss of data
          with
          [
              _Ty=tinyobj::real_t
          ]
D:\University-Masters\Computer Graphics\Assignments\A08_SLN\A08\A08\mazeGen.hpp(46,57): warning C4244: 'argument': conversion from 'int' to '_Ty', possible loss of data
          with
          [
              _Ty=tinyobj::real_t
          ]
D:\University-Masters\Computer Graphics\Assignments\A08_SLN\A08\A08\mazeGen.hpp(85,28): warning C4267: 'initializing': conversion from 'size_t' to 'int', possible loss of data
  A08.vcxproj -> D:\University-Masters\Computer Graphics\Assignments\A08_SLN\A08\x64\Debug\A08.exe
